<?xml version="1.0" encoding="UTF-8"?>
<!-- Generated by org.testng.reporters.JUnitReportReporter -->
<testsuite hostname="DESKTOP-JI0NE71" failures="0" tests="4" name="com.test.playwright.LoginPageTest" time="10.904" errors="0" timestamp="2024-12-19T20:44:07 EST" skipped="1">
  <testcase classname="com.test.playwright.LoginPageTest" name="ClickAccountTest" time="4.754"/>
  <system-out/>
  <testcase classname="com.test.playwright.LoginPageTest" name="loginAccountTitleTest" time="0.009"/>
  <system-out/>
  <testcase classname="com.test.playwright.LoginPageTest" name="loginAppTest" time="6.141"/>
  <system-out/>
  <testcase classname="com.test.playwright.LoginPageTest" name="logoutTest">
    <skipped/>
  </testcase> <!-- logoutTest -->
  <system-out/>
</testsuite> <!-- com.test.playwright.LoginPageTest -->
