<?xml version="1.0" encoding="UTF-8"?>
<!-- Generated by org.testng.reporters.JUnitReportReporter -->
<testsuite hostname="DESKTOP-RN62EUK" failures="0" tests="1" name="com.test.playwright.RegistrationPageTest" time="1.409" errors="0" timestamp="2024-10-24T12:03:03 EDT" skipped="0">
  <testcase classname="com.test.playwright.RegistrationPageTest" name="registrationLinkTest" time="1.409"/>
  <system-out/>
</testsuite> <!-- com.test.playwright.RegistrationPageTest -->
