<?xml version="1.0" encoding="UTF-8"?>
<!-- Generated by org.testng.reporters.JUnitReportReporter -->
<testsuite hostname="DESKTOP-JI0NE71" failures="0" tests="1" name="com.test.playwright.RegistrationPageTest" time="0.873" errors="0" timestamp="2024-12-11T09:48:32 EST" skipped="0">
  <testcase classname="com.test.playwright.RegistrationPageTest" name="registrationLinkTest" time="0.873"/>
  <system-out/>
</testsuite> <!-- com.test.playwright.RegistrationPageTest -->
