<?xml version="1.0" encoding="UTF-8"?>
<!-- Generated by org.testng.reporters.JUnitReportReporter -->
<testsuite hostname="DESKTOP-JI0NE71" failures="0" tests="5" name="com.test.playwright.HomPageTest" time="1.476" errors="0" timestamp="2024-12-11T09:48:32 EST" skipped="0">
  <testcase classname="com.test.playwright.HomPageTest" name="titleTestforHomePage" time="0.018"/>
  <system-out/>
  <testcase classname="com.test.playwright.HomPageTest" name="appURL_test" time="0.003"/>
  <system-out/>
  <testcase classname="com.test.playwright.HomPageTest" name="searchProductTest" time="0.496"/>
  <system-out/>
  <testcase classname="com.test.playwright.HomPageTest" name="searchProductTest" time="0.518"/>
  <system-out/>
  <testcase classname="com.test.playwright.HomPageTest" name="searchProductTest" time="0.441"/>
  <system-out/>
</testsuite> <!-- com.test.playwright.HomPageTest -->
